<?xml version="1.0" encoding="UTF-8"?>
<!-- Generated by org.testng.reporters.JUnitReportReporter -->
<testsuite hostname="Naveens-MacBook-Air.local" failures="0" tests="1" name="Test.demoqa.Checkbox" time="10.415" errors="0" timestamp="2024-05-28T13:09:59 IST" skipped="0">
  <testcase classname="Test.demoqa.Checkbox" name="Checkbox" time="10.415"/>
  <system-out/>
</testsuite> <!-- Test.demoqa.Checkbox -->
