<?xml version="1.0" encoding="UTF-8"?>
<!-- Generated by org.testng.reporters.JUnitReportReporter -->
<testsuite hostname="Naveens-MacBook-Air.local" failures="0" tests="1" name="Test.demoqa.ElementTest" time="9.583" errors="0" timestamp="2024-05-21T14:49:49 IST" skipped="0">
  <testcase classname="Test.demoqa.ElementTest" name="TestElem" time="9.583"/>
  <system-out/>
</testsuite> <!-- Test.demoqa.ElementTest -->
